Name                         Stmts   Miss  Cover   Missing
----------------------------------------------------------
src/assignment/__init__.py       0      0   100%
src/assignment/data.py          60      3    95%   53, 113-114
src/assignment/evaluate.py      43      1    98%   101
src/assignment/model.py         44      1    98%   97
src/assignment/train.py         45      3    93%   110-111, 115
----------------------------------------------------------
TOTAL                          192      8    96%
